<?xml version="1.0" encoding="UTF-8"?>
<!-- Generated by org.testng.reporters.JUnitReportReporter -->
<testsuite skipped="0" hostname="DESKTOP-0622E79" name="Automation.OpenMRS.OpenMRS_Test" tests="8" failures="0" timestamp="2022-10-17T19:22:47 IST" time="46.379" errors="0">
  <testcase name="Login_test" time="1.911" classname="Automation.OpenMRS.OpenMRS_Test"/>
  <system-out/>
  <testcase name="Register_test" time="10.696" classname="Automation.OpenMRS.OpenMRS_Test"/>
  <system-out/>
  <testcase name="findPatient_test" time="2.417" classname="Automation.OpenMRS.OpenMRS_Test"/>
  <system-out/>
  <testcase name="viewPatient_Test" time="1.532" classname="Automation.OpenMRS.OpenMRS_Test"/>
  <system-out/>
  <testcase name="bookAppointment_Test" time="8.291" classname="Automation.OpenMRS.OpenMRS_Test"/>
  <system-out/>
  <testcase name="addAttachment_Test" time="13.043" classname="Automation.OpenMRS.OpenMRS_Test"/>
  <system-out/>
  <testcase name="delete_Test" time="3.300" classname="Automation.OpenMRS.OpenMRS_Test"/>
  <system-out/>
  <testcase name="logout_Test" time="5.189" classname="Automation.OpenMRS.OpenMRS_Test"/>
  <system-out/>
</testsuite> <!-- Automation.OpenMRS.OpenMRS_Test -->
